<?xml version="1.0" encoding="UTF-8"?>
<testsuite xmlns:xsi="http://www.w3.org/2001/XMLSchema-instance" xsi:noNamespaceSchemaLocation="https://maven.apache.org/surefire/maven-surefire-plugin/xsd/surefire-test-report.xsd" name="ba.etf.unsa.rpr.ExpressionEvaluatorTest" time="0.043" tests="10" errors="0" skipped="0" failures="0">
  <properties>
[...]
</properties>
  <testcase name="test10" classname="ba.etf.unsa.rpr.ExpressionEvaluatorTest" time="0.021"/>
  <testcase name="test1" classname="ba.etf.unsa.rpr.ExpressionEvaluatorTest" time="0"/>
  <testcase name="test2" classname="ba.etf.unsa.rpr.ExpressionEvaluatorTest" time="0.001"/>
  <testcase name="test3" classname="ba.etf.unsa.rpr.ExpressionEvaluatorTest" time="0.001"/>
  <testcase name="test4" classname="ba.etf.unsa.rpr.ExpressionEvaluatorTest" time="0.003"/>
  <testcase name="test5" classname="ba.etf.unsa.rpr.ExpressionEvaluatorTest" time="0.001"/>
  <testcase name="test6" classname="ba.etf.unsa.rpr.ExpressionEvaluatorTest" time="0.001"/>
  <testcase name="test7" classname="ba.etf.unsa.rpr.ExpressionEvaluatorTest" time="0.001"/>
  <testcase name="test8" classname="ba.etf.unsa.rpr.ExpressionEvaluatorTest" time="0.001"/>
  <testcase name="test9" classname="ba.etf.unsa.rpr.ExpressionEvaluatorTest" time="0.001"/>
</testsuite>